h:\project\visualstudio projects\mort_core_2\mort_core\release\vc142.pdb
h:\project\visualstudio projects\mort_core_2\mort_core\release\stringtokenizer.obj
h:\project\visualstudio projects\mort_core_2\mort_core\release\maincore.obj
h:\project\visualstudio projects\mort_core_2\mort_core\release\main.obj
h:\project\visualstudio projects\mort_core_2\mort_core\release\.netframework,version=v4.0.assemblyattributes.obj
h:\project\visualstudio projects\mort_core_2\mort_core\release\.netframework,version=v4.0.assemblyattributes.asm
h:\project\visualstudio projects\mort_core_2\release\mort_core.lib
h:\project\visualstudio projects\mort_core_2\release\mort_core.exp
h:\project\visualstudio projects\mort_core_2\mort_core\release\mort_core.vcxprojassemblyreference.cache
h:\project\visualstudio projects\mort_core_2\release\mort_core.pdb
h:\project\visualstudio projects\mort_core_2\mort_core\release\mort_core.tlog\cl.command.1.tlog
h:\project\visualstudio projects\mort_core_2\mort_core\release\mort_core.tlog\cl.read.1.tlog
h:\project\visualstudio projects\mort_core_2\mort_core\release\mort_core.tlog\cl.write.1.tlog
h:\project\visualstudio projects\mort_core_2\mort_core\release\mort_core.tlog\link-cvtres.read.1.tlog
h:\project\visualstudio projects\mort_core_2\mort_core\release\mort_core.tlog\link-cvtres.write.1.tlog
h:\project\visualstudio projects\mort_core_2\mort_core\release\mort_core.tlog\link-rc.read.1.tlog
h:\project\visualstudio projects\mort_core_2\mort_core\release\mort_core.tlog\link-rc.write.1.tlog
h:\project\visualstudio projects\mort_core_2\mort_core\release\mort_core.tlog\link.command.1.tlog
h:\project\visualstudio projects\mort_core_2\mort_core\release\mort_core.tlog\link.delete.1.tlog
h:\project\visualstudio projects\mort_core_2\mort_core\release\mort_core.tlog\link.read.1.tlog
h:\project\visualstudio projects\mort_core_2\mort_core\release\mort_core.tlog\link.write.1.tlog
h:\project\visualstudio projects\mort_core_2\mort_core\release\mort_core.tlog\metagen.read.1.tlog
h:\project\visualstudio projects\mort_core_2\mort_core\release\mort_core.tlog\metagen.write.1.tlog
h:\project\visualstudio projects\mort_core_2\mort_core\release\mort_core.tlog\mort_core.write.1u.tlog
